I tensorflow/stream_executor/dso_loader.cc:128] successfully opened CUDA library libcublas.so locally
I tensorflow/stream_executor/dso_loader.cc:128] successfully opened CUDA library libcudnn.so locally
I tensorflow/stream_executor/dso_loader.cc:128] successfully opened CUDA library libcufft.so locally
I tensorflow/stream_executor/dso_loader.cc:128] successfully opened CUDA library libcuda.so.1 locally
I tensorflow/stream_executor/dso_loader.cc:128] successfully opened CUDA library libcurand.so locally
I tensorflow/core/common_runtime/gpu/gpu_device.cc:885] Found device 0 with properties: 
name: Tesla K40m
major: 3 minor: 5 memoryClockRate (GHz) 0.745
pciBusID 0000:42:00.0
Total memory: 11.95GiB
Free memory: 11.87GiB
I tensorflow/core/common_runtime/gpu/gpu_device.cc:906] DMA: 0 
I tensorflow/core/common_runtime/gpu/gpu_device.cc:916] 0:   Y 
I tensorflow/core/common_runtime/gpu/gpu_device.cc:975] Creating TensorFlow device (/gpu:0) -> (device: 0, name: Tesla K40m, pci bus id: 0000:42:00.0)
W tensorflow/core/framework/op_def_util.cc:332] Op Inv is deprecated. It will cease to work in GraphDef version 17. Use Reciprocal.
I tensorflow/core/common_runtime/gpu/gpu_device.cc:975] Creating TensorFlow device (/gpu:0) -> (device: 0, name: Tesla K40m, pci bus id: 0000:42:00.0)
0.94
Starting sentiment analyze server...
E tensorflow/stream_executor/cuda/cuda_driver.cc:1296] failed to enqueue async memcpy from host to device: CUDA_ERROR_NOT_INITIALIZED; GPU dst: 0x23066b0800; host src: 0x2048a0700; size: 4=0x4
I tensorflow/stream_executor/dso_loader.cc:128] successfully opened CUDA library libcublas.so locally
I tensorflow/stream_executor/dso_loader.cc:128] successfully opened CUDA library libcudnn.so locally
I tensorflow/stream_executor/dso_loader.cc:128] successfully opened CUDA library libcufft.so locally
I tensorflow/stream_executor/dso_loader.cc:128] successfully opened CUDA library libcuda.so.1 locally
I tensorflow/stream_executor/dso_loader.cc:128] successfully opened CUDA library libcurand.so locally
I tensorflow/core/common_runtime/gpu/gpu_device.cc:885] Found device 0 with properties: 
name: Tesla K40m
major: 3 minor: 5 memoryClockRate (GHz) 0.745
pciBusID 0000:42:00.0
Total memory: 11.95GiB
Free memory: 11.87GiB
I tensorflow/core/common_runtime/gpu/gpu_device.cc:906] DMA: 0 
I tensorflow/core/common_runtime/gpu/gpu_device.cc:916] 0:   Y 
I tensorflow/core/common_runtime/gpu/gpu_device.cc:975] Creating TensorFlow device (/gpu:0) -> (device: 0, name: Tesla K40m, pci bus id: 0000:42:00.0)
Starting sentiment analyze server...
W tensorflow/core/framework/op_def_util.cc:332] Op Inv is deprecated. It will cease to work in GraphDef version 17. Use Reciprocal.
E tensorflow/stream_executor/cuda/cuda_driver.cc:1296] failed to enqueue async memcpy from host to device: CUDA_ERROR_NOT_INITIALIZED; GPU dst: 0x2305bb4600; host src: 0x2048a0300; size: 4=0x4
W tensorflow/core/framework/op_def_util.cc:332] Op Inv is deprecated. It will cease to work in GraphDef version 17. Use Reciprocal.
E tensorflow/stream_executor/cuda/cuda_driver.cc:1296] failed to enqueue async memcpy from host to device: CUDA_ERROR_NOT_INITIALIZED; GPU dst: 0x2305bb4600; host src: 0x2048a0300; size: 4=0x4
W tensorflow/core/framework/op_def_util.cc:332] Op Inv is deprecated. It will cease to work in GraphDef version 17. Use Reciprocal.
E tensorflow/stream_executor/cuda/cuda_driver.cc:1296] failed to enqueue async memcpy from host to device: CUDA_ERROR_NOT_INITIALIZED; GPU dst: 0x2305bb4600; host src: 0x2048a0300; size: 4=0x4
I tensorflow/stream_executor/dso_loader.cc:128] successfully opened CUDA library libcublas.so locally
I tensorflow/stream_executor/dso_loader.cc:128] successfully opened CUDA library libcudnn.so locally
I tensorflow/stream_executor/dso_loader.cc:128] successfully opened CUDA library libcufft.so locally
I tensorflow/stream_executor/dso_loader.cc:128] successfully opened CUDA library libcuda.so.1 locally
I tensorflow/stream_executor/dso_loader.cc:128] successfully opened CUDA library libcurand.so locally
I tensorflow/core/common_runtime/gpu/gpu_device.cc:885] Found device 0 with properties: 
name: Tesla K40m
major: 3 minor: 5 memoryClockRate (GHz) 0.745
pciBusID 0000:42:00.0
Total memory: 11.95GiB
Free memory: 11.87GiB
I tensorflow/core/common_runtime/gpu/gpu_device.cc:906] DMA: 0 
I tensorflow/core/common_runtime/gpu/gpu_device.cc:916] 0:   Y 
I tensorflow/core/common_runtime/gpu/gpu_device.cc:975] Creating TensorFlow device (/gpu:0) -> (device: 0, name: Tesla K40m, pci bus id: 0000:42:00.0)
Starting sentiment server...
W tensorflow/core/framework/op_def_util.cc:332] Op Inv is deprecated. It will cease to work in GraphDef version 17. Use Reciprocal.
E tensorflow/stream_executor/cuda/cuda_driver.cc:1296] failed to enqueue async memcpy from host to device: CUDA_ERROR_NOT_INITIALIZED; GPU dst: 0x2305bb4500; host src: 0x2048a0300; size: 4=0x4
I tensorflow/stream_executor/dso_loader.cc:128] successfully opened CUDA library libcublas.so locally
I tensorflow/stream_executor/dso_loader.cc:128] successfully opened CUDA library libcudnn.so locally
I tensorflow/stream_executor/dso_loader.cc:128] successfully opened CUDA library libcufft.so locally
I tensorflow/stream_executor/dso_loader.cc:128] successfully opened CUDA library libcuda.so.1 locally
I tensorflow/stream_executor/dso_loader.cc:128] successfully opened CUDA library libcurand.so locally
Starting similar server...
Traceback (most recent call last):
  File "senti_rest_server.py", line 3, in <module>
    from flask import request
ImportError: No module named flask
Traceback (most recent call last):
  File "senti_rest_server.py", line 3, in <module>
    from flask import request
ImportError: No module named flask
